<?xml version="1.0" encoding="UTF-8"?>
<testng-results ignored="0" total="2" passed="2" failed="0" skipped="0">
  <reporter-output>
  </reporter-output>
  <suite started-at="2019-06-24T20:20:17Z" name="Suite" finished-at="2019-06-24T20:20:31Z" duration-ms="14152">
    <groups>
    </groups>
    <test started-at="2019-06-24T20:20:17Z" name="TestNG" finished-at="2019-06-24T20:20:31Z" duration-ms="14152">
      <class name="com.banking.TestCases.TC_LoginTest_001">
        <test-method is-config="true" signature="setup(java.lang.String)[pri:0, instance:com.banking.TestCases.TC_LoginTest_001@6069db50]" started-at="2019-06-24T20:20:17Z" name="setup" finished-at="2019-06-24T20:20:24Z" duration-ms="7793" status="PASS">
          <params>
            <param index="0">
              <value>
                <![CDATA[Chrome]]>
              </value>
            </param>
          </params>
          <reporter-output>
          </reporter-output>
        </test-method> <!-- setup -->
        <test-method signature="validLoginTest()[pri:0, instance:com.banking.TestCases.TC_LoginTest_001@6069db50]" started-at="2019-06-24T20:20:24Z" name="validLoginTest" finished-at="2019-06-24T20:20:27Z" duration-ms="2500" status="PASS">
          <reporter-output>
          </reporter-output>
        </test-method> <!-- validLoginTest -->
        <test-method signature="verifyPageTitle()[pri:0, instance:com.banking.TestCases.TC_LoginTest_001@6069db50]" started-at="2019-06-24T20:20:27Z" name="verifyPageTitle" finished-at="2019-06-24T20:20:27Z" duration-ms="10" status="PASS">
          <reporter-output>
          </reporter-output>
        </test-method> <!-- verifyPageTitle -->
        <test-method is-config="true" signature="teardown()[pri:0, instance:com.banking.TestCases.TC_LoginTest_001@6069db50]" started-at="2019-06-24T20:20:27Z" name="teardown" finished-at="2019-06-24T20:20:31Z" duration-ms="3826" status="PASS">
          <reporter-output>
          </reporter-output>
        </test-method> <!-- teardown -->
      </class> <!-- com.banking.TestCases.TC_LoginTest_001 -->
    </test> <!-- TestNG -->
  </suite> <!-- Suite -->
</testng-results>
