<?xml version="1.0" encoding="UTF-8"?>
<testng-results skipped="0" failed="0" ignored="0" total="2" passed="2">
  <reporter-output>
  </reporter-output>
  <suite name="Default suite" duration-ms="13877" started-at="2019-06-24T14:05:51Z" finished-at="2019-06-24T14:06:05Z">
    <groups>
    </groups>
    <test name="Default test" duration-ms="13877" started-at="2019-06-24T14:05:51Z" finished-at="2019-06-24T14:06:05Z">
      <class name="com.banking.TestCases.TC_LoginTest_001">
        <test-method status="PASS" signature="setup()[pri:0, instance:com.banking.TestCases.TC_LoginTest_001@3327bd23]" name="setup" is-config="true" duration-ms="8231" started-at="2019-06-24T14:05:51Z" finished-at="2019-06-24T14:06:00Z">
          <reporter-output>
          </reporter-output>
        </test-method> <!-- setup -->
        <test-method status="PASS" signature="validLoginTest()[pri:0, instance:com.banking.TestCases.TC_LoginTest_001@3327bd23]" name="validLoginTest" duration-ms="1924" started-at="2019-06-24T14:06:00Z" finished-at="2019-06-24T14:06:02Z">
          <reporter-output>
          </reporter-output>
        </test-method> <!-- validLoginTest -->
        <test-method status="PASS" signature="verifyPageTitle()[pri:0, instance:com.banking.TestCases.TC_LoginTest_001@3327bd23]" name="verifyPageTitle" duration-ms="13" started-at="2019-06-24T14:06:02Z" finished-at="2019-06-24T14:06:02Z">
          <reporter-output>
          </reporter-output>
        </test-method> <!-- verifyPageTitle -->
        <test-method status="PASS" signature="teardown()[pri:0, instance:com.banking.TestCases.TC_LoginTest_001@3327bd23]" name="teardown" is-config="true" duration-ms="3697" started-at="2019-06-24T14:06:02Z" finished-at="2019-06-24T14:06:05Z">
          <reporter-output>
          </reporter-output>
        </test-method> <!-- teardown -->
      </class> <!-- com.banking.TestCases.TC_LoginTest_001 -->
    </test> <!-- Default test -->
  </suite> <!-- Default suite -->
</testng-results>
