<?xml version="1.0" encoding="UTF-8"?>
<testng-results skipped="0" failed="0" ignored="0" total="2" passed="2">
  <reporter-output>
  </reporter-output>
  <suite name="Suite" duration-ms="13262" started-at="2019-06-24T16:52:48Z" finished-at="2019-06-24T16:53:01Z">
    <groups>
    </groups>
    <test name="TestNG" duration-ms="13262" started-at="2019-06-24T16:52:48Z" finished-at="2019-06-24T16:53:01Z">
      <class name="com.banking.TestCases.TC_LoginTest_001">
        <test-method status="PASS" signature="setup(java.lang.String)[pri:0, instance:com.banking.TestCases.TC_LoginTest_001@5ce81285]" name="setup" is-config="true" duration-ms="7615" started-at="2019-06-24T16:52:48Z" finished-at="2019-06-24T16:52:55Z">
          <params>
            <param index="0">
              <value>
                <![CDATA[Chrome]]>
              </value>
            </param>
          </params>
          <reporter-output>
          </reporter-output>
        </test-method> <!-- setup -->
        <test-method status="PASS" signature="validLoginTest()[pri:0, instance:com.banking.TestCases.TC_LoginTest_001@5ce81285]" name="validLoginTest" duration-ms="1891" started-at="2019-06-24T16:52:55Z" finished-at="2019-06-24T16:52:57Z">
          <reporter-output>
          </reporter-output>
        </test-method> <!-- validLoginTest -->
        <test-method status="PASS" signature="verifyPageTitle()[pri:0, instance:com.banking.TestCases.TC_LoginTest_001@5ce81285]" name="verifyPageTitle" duration-ms="12" started-at="2019-06-24T16:52:57Z" finished-at="2019-06-24T16:52:57Z">
          <reporter-output>
          </reporter-output>
        </test-method> <!-- verifyPageTitle -->
        <test-method status="PASS" signature="teardown()[pri:0, instance:com.banking.TestCases.TC_LoginTest_001@5ce81285]" name="teardown" is-config="true" duration-ms="3715" started-at="2019-06-24T16:52:57Z" finished-at="2019-06-24T16:53:01Z">
          <reporter-output>
          </reporter-output>
        </test-method> <!-- teardown -->
      </class> <!-- com.banking.TestCases.TC_LoginTest_001 -->
    </test> <!-- TestNG -->
  </suite> <!-- Suite -->
</testng-results>
